d:\pacman\pacman_jocidodo\pacman_jocidodo\pacman_jocidodo\release\vc141.pdb
d:\pacman\pacman_jocidodo\pacman_jocidodo\pacman_jocidodo\release\structs.obj
d:\pacman\pacman_jocidodo\pacman_jocidodo\pacman_jocidodo\release\print_highscores.obj
d:\pacman\pacman_jocidodo\pacman_jocidodo\pacman_jocidodo\release\options.obj
d:\pacman\pacman_jocidodo\pacman_jocidodo\pacman_jocidodo\release\new_game.obj
d:\pacman\pacman_jocidodo\pacman_jocidodo\pacman_jocidodo\release\moving.obj
d:\pacman\pacman_jocidodo\pacman_jocidodo\pacman_jocidodo\release\main.obj
d:\pacman\pacman_jocidodo\pacman_jocidodo\pacman_jocidodo\release\key_press.obj
d:\pacman\pacman_jocidodo\pacman_jocidodo\pacman_jocidodo\release\ispis_menu.obj
d:\pacman\pacman_jocidodo\pacman_jocidodo\pacman_jocidodo\release\continue_game.obj
d:\pacman\pacman_jocidodo\pacman_jocidodo\release\pacman_jocidodo.exe
d:\pacman\pacman_jocidodo\pacman_jocidodo\release\pacman_jocidodo.pdb
d:\pacman\pacman_jocidodo\pacman_jocidodo\release\pacman_jocidodo.ipdb
d:\pacman\pacman_jocidodo\pacman_jocidodo\release\pacman_jocidodo.iobj
d:\pacman\pacman_jocidodo\pacman_jocidodo\pacman_jocidodo\release\pacman_jocidodo.tlog\cl.command.1.tlog
d:\pacman\pacman_jocidodo\pacman_jocidodo\pacman_jocidodo\release\pacman_jocidodo.tlog\cl.read.1.tlog
d:\pacman\pacman_jocidodo\pacman_jocidodo\pacman_jocidodo\release\pacman_jocidodo.tlog\cl.write.1.tlog
d:\pacman\pacman_jocidodo\pacman_jocidodo\pacman_jocidodo\release\pacman_jocidodo.tlog\link.command.1.tlog
d:\pacman\pacman_jocidodo\pacman_jocidodo\pacman_jocidodo\release\pacman_jocidodo.tlog\link.read.1.tlog
d:\pacman\pacman_jocidodo\pacman_jocidodo\pacman_jocidodo\release\pacman_jocidodo.tlog\link.write.1.tlog
d:\pacman\pacman_jocidodo\pacman_jocidodo\pacman_jocidodo\release\pacman_jocidodo.tlog\pacman_jocidodo.write.1u.tlog
