  key_press.c
  main.c
  moving.c
  structs.c
d:\pacman\pacman-git\pacman\pacman\pacman\structs.c(17): warning C4013: 'malloc' undefined; assuming extern returning int
d:\pacman\pacman-git\pacman\pacman\pacman\structs.c(20): warning C4047: '=': 'int **' differs in levels of indirection from 'int'
d:\pacman\pacman-git\pacman\pacman\pacman\structs.c(21): warning C4047: '=': 'int **' differs in levels of indirection from 'int'
d:\pacman\pacman-git\pacman\pacman\pacman\structs.c(22): warning C4047: '=': 'int **' differs in levels of indirection from 'int'
d:\pacman\pacman-git\pacman\pacman\pacman\structs.c(25): warning C4047: '=': 'int *' differs in levels of indirection from 'int'
d:\pacman\pacman-git\pacman\pacman\pacman\structs.c(26): warning C4047: '=': 'int *' differs in levels of indirection from 'int'
d:\pacman\pacman-git\pacman\pacman\pacman\structs.c(27): warning C4047: '=': 'int *' differs in levels of indirection from 'int'
d:\pacman\pacman-git\pacman\pacman\pacman\structs.c(17): warning C4047: 'initializing': 'maze *' differs in levels of indirection from 'int'
d:\pacman\pacman-git\pacman\pacman\pacman\structs.c(30): warning C4047: 'initializing': 'char *' differs in levels of indirection from 'int'
d:\pacman\pacman-git\pacman\pacman\pacman\structs.c(92): warning C4047: 'initializing': 'paccy *' differs in levels of indirection from 'int'
d:\pacman\pacman-git\pacman\pacman\pacman\structs.c(102): warning C4047: 'initializing': 'ghost *' differs in levels of indirection from 'int'
d:\pacman\pacman-git\pacman\pacman\pacman\structs.c(112): warning C4047: 'initializing': 'ghost *' differs in levels of indirection from 'int'
d:\pacman\pacman-git\pacman\pacman\pacman\structs.c(122): warning C4047: 'initializing': 'game *' differs in levels of indirection from 'int'
  Generating Code...
d:\pacman\pacman-git\pacman\pacman\pacman\structs.c(66): warning C4715: 'gen_maze': not all control paths return a value
  Pacman.vcxproj -> D:\Pacman\Pacman-Git\Pacman\Pacman\Debug\Pacman.exe
